#
# There is insufficient memory for the Java Runtime Environment to continue.
# Native memory allocation (malloc) failed to allocate 3365488 bytes for Chunk::new
# Possible reasons:
#   The system is out of physical RAM or swap space
#   The process is running with CompressedOops enabled, and the Java Heap may be blocking the growth of the native heap
# Possible solutions:
#   Reduce memory load on the system
#   Increase physical memory or swap space
#   Check if swap backing store is full
#   Decrease Java heap size (-Xmx/-Xms)
#   Decrease number of Java threads
#   Decrease Java thread stack sizes (-Xss)
#   Set larger code cache with -XX:ReservedCodeCacheSize=
#   JVM is running with Unscaled Compressed Oops mode in which the Java heap is
#     placed in the first 4GB address space. The Java Heap base address is the
#     maximum limit for the native heap growth. Please use -XX:HeapBaseMinAddress
#     to set the Java Heap base and to place the Java Heap above 4GB virtual address.
# This output file may be truncated or incomplete.
#
#  Out of Memory Error (arena.cpp:189), pid=12484, tid=2064
#
# JRE version: OpenJDK Runtime Environment Corretto-17.0.5.8.1 (17.0.5+8) (build 17.0.5+8-LTS)
# Java VM: OpenJDK 64-Bit Server VM Corretto-17.0.5.8.1 (17.0.5+8-LTS, mixed mode, sharing, tiered, compressed oops, compressed class ptrs, g1 gc, windows-amd64)
# No core dump will be written. Minidumps are not enabled by default on client versions of Windows
#

---------------  S U M M A R Y ------------

Command Line: -javaagent:C:\Program Files\JetBrains\IntelliJ IDEA 2022.1\lib\idea_rt.jar=52443:C:\Program Files\JetBrains\IntelliJ IDEA 2022.1\bin -Dfile.encoding=UTF-8 --module-path=C:\Users\Arsen\.m2\repository\org\openjfx\javafx-base\17.0.2\javafx-base-17.0.2-win.jar;C:\Users\Arsen\.m2\repository\org\openjfx\javafx-graphics\17.0.2\javafx-graphics-17.0.2-win.jar;C:\Users\Arsen\IdeaProjects\KPP\KPP1_5\target\classes;C:\Users\Arsen\.m2\repository\org\openjfx\javafx-controls\17.0.2\javafx-controls-17.0.2-win.jar;C:\Users\Arsen\.m2\repository\org\openjfx\javafx-fxml\17.0.2\javafx-fxml-17.0.2-win.jar -Djdk.module.main=com.university com.university/com.university.CollectionsApplication

Host: Intel(R) Core(TM) i5-8250U CPU @ 1.60GHz, 8 cores, 7G,  Windows 10 , 64 bit Build 19041 (10.0.19041.1348)
Time: Fri Dec 16 13:03:09 2022  Windows 10 , 64 bit Build 19041 (10.0.19041.1348) elapsed time: 3.766063 seconds (0d 0h 0m 3s)

---------------  T H R E A D  ---------------

Current thread (0x000001c4518024b0):  JavaThread "C2 CompilerThread0" daemon [_thread_in_native, id=2064, stack(0x0000001361400000,0x0000001361500000)]


Current CompileTask:
C2:   3766 3244   !   4       javafx.scene.CssStyleHelper::transitionToState (1031 bytes)

Stack: [0x0000001361400000,0x0000001361500000]
Native frames: (J=compiled Java code, j=interpreted, Vv=VM code, C=native code)
V  [jvm.dll+0x646e0a]
V  [jvm.dll+0x7f7f14]
V  [jvm.dll+0x7f96ce]
V  [jvm.dll+0x7f9d23]
V  [jvm.dll+0x234c98]
V  [jvm.dll+0xbccfc]
V  [jvm.dll+0xbd2dc]
V  [jvm.dll+0x34d727]
V  [jvm.dll+0x31821f]
V  [jvm.dll+0x31765a]
V  [jvm.dll+0x2092a5]
V  [jvm.dll+0x208837]
V  [jvm.dll+0x198a9d]
V  [jvm.dll+0x217bdd]
V  [jvm.dll+0x215e24]
V  [jvm.dll+0x7b06ab]
V  [jvm.dll+0x7aac5a]
V  [jvm.dll+0x645cd5]
C  [ucrtbase.dll+0x21bb2]
C  [KERNEL32.DLL+0x17034]
C  [ntdll.dll+0x52651]


---------------  P R O C E S S  ---------------

Threads class SMR info:
_java_thread_list=0x000001c453562540, length=20, elements={
0x000001c43345a7a0, 0x000001c4517dc260, 0x000001c4517dd0d0, 0x000001c4517f7390,
0x000001c4517f7e50, 0x000001c4517fa910, 0x000001c4517fd6e0, 0x000001c4518024b0,
0x000001c451802b60, 0x000001c451803160, 0x000001c452465b50, 0x000001c4528c4c60,
0x000001c452839c50, 0x000001c452da0c20, 0x000001c452f9b500, 0x000001c452fd2ea0,
0x000001c4531c8150, 0x000001c4531a2e70, 0x000001c453c7a8e0, 0x000001c453c7adb0
}

Java Threads: ( => current thread )
  0x000001c43345a7a0 JavaThread "main" [_thread_blocked, id=7956, stack(0x0000001360700000,0x0000001360800000)]
  0x000001c4517dc260 JavaThread "Reference Handler" daemon [_thread_blocked, id=14296, stack(0x0000001360e00000,0x0000001360f00000)]
  0x000001c4517dd0d0 JavaThread "Finalizer" daemon [_thread_blocked, id=2928, stack(0x0000001360f00000,0x0000001361000000)]
  0x000001c4517f7390 JavaThread "Signal Dispatcher" daemon [_thread_blocked, id=11712, stack(0x0000001361000000,0x0000001361100000)]
  0x000001c4517f7e50 JavaThread "Attach Listener" daemon [_thread_blocked, id=13072, stack(0x0000001361100000,0x0000001361200000)]
  0x000001c4517fa910 JavaThread "Service Thread" daemon [_thread_blocked, id=14268, stack(0x0000001361200000,0x0000001361300000)]
  0x000001c4517fd6e0 JavaThread "Monitor Deflation Thread" daemon [_thread_blocked, id=13652, stack(0x0000001361300000,0x0000001361400000)]
=>0x000001c4518024b0 JavaThread "C2 CompilerThread0" daemon [_thread_in_native, id=2064, stack(0x0000001361400000,0x0000001361500000)]
  0x000001c451802b60 JavaThread "C1 CompilerThread0" daemon [_thread_blocked, id=9532, stack(0x0000001361500000,0x0000001361600000)]
  0x000001c451803160 JavaThread "Sweeper thread" daemon [_thread_blocked, id=12944, stack(0x0000001361600000,0x0000001361700000)]
  0x000001c452465b50 JavaThread "Common-Cleaner" daemon [_thread_blocked, id=5864, stack(0x0000001361700000,0x0000001361800000)]
  0x000001c4528c4c60 JavaThread "Monitor Ctrl-Break" daemon [_thread_in_native, id=1648, stack(0x0000001361a00000,0x0000001361b00000)]
  0x000001c452839c50 JavaThread "Notification Thread" daemon [_thread_blocked, id=3432, stack(0x0000001361b00000,0x0000001361c00000)]
  0x000001c452da0c20 JavaThread "QuantumRenderer-0" daemon [_thread_blocked, id=14848, stack(0x0000001361d00000,0x0000001361e00000)]
  0x000001c452f9b500 JavaThread "InvokeLaterDispatcher" daemon [_thread_blocked, id=12020, stack(0x0000001361e00000,0x0000001361f00000)]
  0x000001c452fd2ea0 JavaThread "JavaFX Application Thread" [_thread_in_native, id=6796, stack(0x0000001361f00000,0x0000001362000000)]
  0x000001c4531c8150 JavaThread "Thread-1" daemon [_thread_in_native, id=8012, stack(0x0000001362300000,0x0000001362400000)]
  0x000001c4531a2e70 JavaThread "JavaFX-Launcher" [_thread_blocked, id=10108, stack(0x0000001362400000,0x0000001362500000)]
  0x000001c453c7a8e0 JavaThread "Prism Font Disposer" daemon [_thread_blocked, id=8668, stack(0x0000001361900000,0x0000001361a00000)]
  0x000001c453c7adb0 JavaThread "Cleaner-0" daemon [_thread_blocked, id=10968, stack(0x0000001362f00000,0x0000001363000000)]

Other Threads:
  0x000001c4517d7660 VMThread "VM Thread" [stack: 0x0000001360d00000,0x0000001360e00000] [id=9048]
  0x000001c4334e5870 WatcherThread [stack: 0x0000001361c00000,0x0000001361d00000] [id=14716]
  0x000001c4313fa800 GCTaskThread "GC Thread#0" [stack: 0x0000001360800000,0x0000001360900000] [id=6920]
  0x000001c45323c1e0 GCTaskThread "GC Thread#1" [stack: 0x0000001362500000,0x0000001362600000] [id=1292]
  0x000001c453243ab0 GCTaskThread "GC Thread#2" [stack: 0x0000001362600000,0x0000001362700000] [id=11344]
  0x000001c45323f0f0 GCTaskThread "GC Thread#3" [stack: 0x0000001362700000,0x0000001362800000] [id=9816]
  0x000001c45316d880 GCTaskThread "GC Thread#4" [stack: 0x0000001362800000,0x0000001362900000] [id=8864]
  0x000001c453185f30 GCTaskThread "GC Thread#5" [stack: 0x0000001362900000,0x0000001362a00000] [id=9668]
  0x000001c45aa0edc0 GCTaskThread "GC Thread#6" [stack: 0x0000001362d00000,0x0000001362e00000] [id=11848]
  0x000001c45a802670 GCTaskThread "GC Thread#7" [stack: 0x0000001362e00000,0x0000001362f00000] [id=7624]
  0x000001c4313fc530 ConcurrentGCThread "G1 Main Marker" [stack: 0x0000001360900000,0x0000001360a00000] [id=7728]
  0x000001c4313fcd50 ConcurrentGCThread "G1 Conc#0" [stack: 0x0000001360a00000,0x0000001360b00000] [id=3980]
  0x000001c4516944c0 ConcurrentGCThread "G1 Refine#0" [stack: 0x0000001360b00000,0x0000001360c00000] [id=13712]
  0x000001c451694ee0 ConcurrentGCThread "G1 Service" [stack: 0x0000001360c00000,0x0000001360d00000] [id=15336]

Threads with active compile tasks:
C2 CompilerThread0     3799 3244   !   4       javafx.scene.CssStyleHelper::transitionToState (1031 bytes)

VM state: not at safepoint (normal execution)

VM Mutex/Monitor currently owned by a thread: None

Heap address: 0x0000000081600000, size: 2026 MB, Compressed Oops mode: 32-bit

CDS archive(s) mapped at: [0x0000000800000000-0x0000000800bc0000-0x0000000800bc0000), size 12320768, SharedBaseAddress: 0x0000000800000000, ArchiveRelocationMode: 0.
Compressed class space mapped at: 0x0000000800c00000-0x0000000840c00000, reserved size: 1073741824
Narrow klass base: 0x0000000800000000, Narrow klass shift: 0, Narrow klass range: 0x100000000

GC Precious Log:
 CPUs: 8 total, 8 available
 Memory: 8101M
 Large Page Support: Disabled
 NUMA Support: Disabled
 Compressed Oops: Enabled (32-bit)
 Heap Region Size: 1M
 Heap Min Capacity: 8M
 Heap Initial Capacity: 128M
 Heap Max Capacity: 2026M
 Pre-touch: Disabled
 Parallel Workers: 8
 Concurrent Workers: 2
 Concurrent Refinement Workers: 8
 Periodic GC: Disabled

Heap:
 garbage-first heap   total 131072K, used 33192K [0x0000000081600000, 0x0000000100000000)
  region size 1024K, 29 young (29696K), 5 survivors (5120K)
 Metaspace       used 17204K, committed 17408K, reserved 1064960K
  class space    used 2462K, committed 2560K, reserved 1048576K

Heap Regions: E=young(eden), S=young(survivor), O=old, HS=humongous(starts), HC=humongous(continues), CS=collection set, F=free, OA=open archive, CA=closed archive, TAMS=top-at-mark-start (previous, next)
|   0|0x0000000081600000, 0x0000000081700000, 0x0000000081700000|100%| O|  |TAMS 0x0000000081600000, 0x0000000081600000| Untracked 
|   1|0x0000000081700000, 0x0000000081800000, 0x0000000081800000|100%| O|  |TAMS 0x0000000081700000, 0x0000000081700000| Untracked 
|   2|0x0000000081800000, 0x0000000081900000, 0x0000000081900000|100%| O|  |TAMS 0x0000000081800000, 0x0000000081800000| Untracked 
|   3|0x0000000081900000, 0x000000008190b800, 0x0000000081a00000|  4%| O|  |TAMS 0x0000000081900000, 0x0000000081900000| Untracked 
|   4|0x0000000081a00000, 0x0000000081b00000, 0x0000000081b00000|100%|HS|  |TAMS 0x0000000081a00000, 0x0000000081a00000| Complete 
|   5|0x0000000081b00000, 0x0000000081c00000, 0x0000000081c00000|100%|HC|  |TAMS 0x0000000081b00000, 0x0000000081b00000| Complete 
|   6|0x0000000081c00000, 0x0000000081c00000, 0x0000000081d00000|  0%| F|  |TAMS 0x0000000081c00000, 0x0000000081c00000| Untracked 
|   7|0x0000000081d00000, 0x0000000081d00000, 0x0000000081e00000|  0%| F|  |TAMS 0x0000000081d00000, 0x0000000081d00000| Untracked 
|   8|0x0000000081e00000, 0x0000000081e00000, 0x0000000081f00000|  0%| F|  |TAMS 0x0000000081e00000, 0x0000000081e00000| Untracked 
|   9|0x0000000081f00000, 0x0000000081f00000, 0x0000000082000000|  0%| F|  |TAMS 0x0000000081f00000, 0x0000000081f00000| Untracked 
|  10|0x0000000082000000, 0x0000000082000000, 0x0000000082100000|  0%| F|  |TAMS 0x0000000082000000, 0x0000000082000000| Untracked 
|  11|0x0000000082100000, 0x0000000082100000, 0x0000000082200000|  0%| F|  |TAMS 0x0000000082100000, 0x0000000082100000| Untracked 
|  12|0x0000000082200000, 0x0000000082200000, 0x0000000082300000|  0%| F|  |TAMS 0x0000000082200000, 0x0000000082200000| Untracked 
|  13|0x0000000082300000, 0x0000000082300000, 0x0000000082400000|  0%| F|  |TAMS 0x0000000082300000, 0x0000000082300000| Untracked 
|  14|0x0000000082400000, 0x0000000082400000, 0x0000000082500000|  0%| F|  |TAMS 0x0000000082400000, 0x0000000082400000| Untracked 
|  15|0x0000000082500000, 0x0000000082500000, 0x0000000082600000|  0%| F|  |TAMS 0x0000000082500000, 0x0000000082500000| Untracked 
|  16|0x0000000082600000, 0x0000000082600000, 0x0000000082700000|  0%| F|  |TAMS 0x0000000082600000, 0x0000000082600000| Untracked 
|  17|0x0000000082700000, 0x0000000082700000, 0x0000000082800000|  0%| F|  |TAMS 0x0000000082700000, 0x0000000082700000| Untracked 
|  18|0x0000000082800000, 0x0000000082800000, 0x0000000082900000|  0%| F|  |TAMS 0x0000000082800000, 0x0000000082800000| Untracked 
|  19|0x0000000082900000, 0x0000000082900000, 0x0000000082a00000|  0%| F|  |TAMS 0x0000000082900000, 0x0000000082900000| Untracked 
|  20|0x0000000082a00000, 0x0000000082a00000, 0x0000000082b00000|  0%| F|  |TAMS 0x0000000082a00000, 0x0000000082a00000| Untracked 
|  21|0x0000000082b00000, 0x0000000082b00000, 0x0000000082c00000|  0%| F|  |TAMS 0x0000000082b00000, 0x0000000082b00000| Untracked 
|  22|0x0000000082c00000, 0x0000000082c00000, 0x0000000082d00000|  0%| F|  |TAMS 0x0000000082c00000, 0x0000000082c00000| Untracked 
|  23|0x0000000082d00000, 0x0000000082d00000, 0x0000000082e00000|  0%| F|  |TAMS 0x0000000082d00000, 0x0000000082d00000| Untracked 
|  24|0x0000000082e00000, 0x0000000082e00000, 0x0000000082f00000|  0%| F|  |TAMS 0x0000000082e00000, 0x0000000082e00000| Untracked 
|  25|0x0000000082f00000, 0x0000000082f00000, 0x0000000083000000|  0%| F|  |TAMS 0x0000000082f00000, 0x0000000082f00000| Untracked 
|  26|0x0000000083000000, 0x0000000083000000, 0x0000000083100000|  0%| F|  |TAMS 0x0000000083000000, 0x0000000083000000| Untracked 
|  27|0x0000000083100000, 0x0000000083100000, 0x0000000083200000|  0%| F|  |TAMS 0x0000000083100000, 0x0000000083100000| Untracked 
|  28|0x0000000083200000, 0x0000000083200000, 0x0000000083300000|  0%| F|  |TAMS 0x0000000083200000, 0x0000000083200000| Untracked 
|  29|0x0000000083300000, 0x0000000083300000, 0x0000000083400000|  0%| F|  |TAMS 0x0000000083300000, 0x0000000083300000| Untracked 
|  30|0x0000000083400000, 0x0000000083400000, 0x0000000083500000|  0%| F|  |TAMS 0x0000000083400000, 0x0000000083400000| Untracked 
|  31|0x0000000083500000, 0x0000000083500000, 0x0000000083600000|  0%| F|  |TAMS 0x0000000083500000, 0x0000000083500000| Untracked 
|  32|0x0000000083600000, 0x0000000083600000, 0x0000000083700000|  0%| F|  |TAMS 0x0000000083600000, 0x0000000083600000| Untracked 
|  33|0x0000000083700000, 0x0000000083700000, 0x0000000083800000|  0%| F|  |TAMS 0x0000000083700000, 0x0000000083700000| Untracked 
|  34|0x0000000083800000, 0x0000000083800000, 0x0000000083900000|  0%| F|  |TAMS 0x0000000083800000, 0x0000000083800000| Untracked 
|  35|0x0000000083900000, 0x0000000083900000, 0x0000000083a00000|  0%| F|  |TAMS 0x0000000083900000, 0x0000000083900000| Untracked 
|  36|0x0000000083a00000, 0x0000000083a00000, 0x0000000083b00000|  0%| F|  |TAMS 0x0000000083a00000, 0x0000000083a00000| Untracked 
|  37|0x0000000083b00000, 0x0000000083b00000, 0x0000000083c00000|  0%| F|  |TAMS 0x0000000083b00000, 0x0000000083b00000| Untracked 
|  38|0x0000000083c00000, 0x0000000083c00000, 0x0000000083d00000|  0%| F|  |TAMS 0x0000000083c00000, 0x0000000083c00000| Untracked 
|  39|0x0000000083d00000, 0x0000000083d00000, 0x0000000083e00000|  0%| F|  |TAMS 0x0000000083d00000, 0x0000000083d00000| Untracked 
|  40|0x0000000083e00000, 0x0000000083e00000, 0x0000000083f00000|  0%| F|  |TAMS 0x0000000083e00000, 0x0000000083e00000| Untracked 
|  41|0x0000000083f00000, 0x0000000083f00000, 0x0000000084000000|  0%| F|  |TAMS 0x0000000083f00000, 0x0000000083f00000| Untracked 
|  42|0x0000000084000000, 0x0000000084000000, 0x0000000084100000|  0%| F|  |TAMS 0x0000000084000000, 0x0000000084000000| Untracked 
|  43|0x0000000084100000, 0x0000000084100000, 0x0000000084200000|  0%| F|  |TAMS 0x0000000084100000, 0x0000000084100000| Untracked 
|  44|0x0000000084200000, 0x0000000084200000, 0x0000000084300000|  0%| F|  |TAMS 0x0000000084200000, 0x0000000084200000| Untracked 
|  45|0x0000000084300000, 0x0000000084300000, 0x0000000084400000|  0%| F|  |TAMS 0x0000000084300000, 0x0000000084300000| Untracked 
|  46|0x0000000084400000, 0x0000000084400000, 0x0000000084500000|  0%| F|  |TAMS 0x0000000084400000, 0x0000000084400000| Untracked 
|  47|0x0000000084500000, 0x0000000084500000, 0x0000000084600000|  0%| F|  |TAMS 0x0000000084500000, 0x0000000084500000| Untracked 
|  48|0x0000000084600000, 0x0000000084600000, 0x0000000084700000|  0%| F|  |TAMS 0x0000000084600000, 0x0000000084600000| Untracked 
|  49|0x0000000084700000, 0x0000000084700000, 0x0000000084800000|  0%| F|  |TAMS 0x0000000084700000, 0x0000000084700000| Untracked 
|  50|0x0000000084800000, 0x0000000084800000, 0x0000000084900000|  0%| F|  |TAMS 0x0000000084800000, 0x0000000084800000| Untracked 
|  51|0x0000000084900000, 0x0000000084900000, 0x0000000084a00000|  0%| F|  |TAMS 0x0000000084900000, 0x0000000084900000| Untracked 
|  52|0x0000000084a00000, 0x0000000084a00000, 0x0000000084b00000|  0%| F|  |TAMS 0x0000000084a00000, 0x0000000084a00000| Untracked 
|  53|0x0000000084b00000, 0x0000000084b00000, 0x0000000084c00000|  0%| F|  |TAMS 0x0000000084b00000, 0x0000000084b00000| Untracked 
|  54|0x0000000084c00000, 0x0000000084c00000, 0x0000000084d00000|  0%| F|  |TAMS 0x0000000084c00000, 0x0000000084c00000| Untracked 
|  55|0x0000000084d00000, 0x0000000084d00000, 0x0000000084e00000|  0%| F|  |TAMS 0x0000000084d00000, 0x0000000084d00000| Untracked 
|  56|0x0000000084e00000, 0x0000000084e00000, 0x0000000084f00000|  0%| F|  |TAMS 0x0000000084e00000, 0x0000000084e00000| Untracked 
|  57|0x0000000084f00000, 0x0000000084f00000, 0x0000000085000000|  0%| F|  |TAMS 0x0000000084f00000, 0x0000000084f00000| Untracked 
|  58|0x0000000085000000, 0x0000000085000000, 0x0000000085100000|  0%| F|  |TAMS 0x0000000085000000, 0x0000000085000000| Untracked 
|  59|0x0000000085100000, 0x0000000085100000, 0x0000000085200000|  0%| F|  |TAMS 0x0000000085100000, 0x0000000085100000| Untracked 
|  60|0x0000000085200000, 0x0000000085200000, 0x0000000085300000|  0%| F|  |TAMS 0x0000000085200000, 0x0000000085200000| Untracked 
|  61|0x0000000085300000, 0x0000000085300000, 0x0000000085400000|  0%| F|  |TAMS 0x0000000085300000, 0x0000000085300000| Untracked 
|  62|0x0000000085400000, 0x0000000085400000, 0x0000000085500000|  0%| F|  |TAMS 0x0000000085400000, 0x0000000085400000| Untracked 
|  63|0x0000000085500000, 0x0000000085500000, 0x0000000085600000|  0%| F|  |TAMS 0x0000000085500000, 0x0000000085500000| Untracked 
|  64|0x0000000085600000, 0x0000000085600000, 0x0000000085700000|  0%| F|  |TAMS 0x0000000085600000, 0x0000000085600000| Untracked 
|  65|0x0000000085700000, 0x0000000085700000, 0x0000000085800000|  0%| F|  |TAMS 0x0000000085700000, 0x0000000085700000| Untracked 
|  66|0x0000000085800000, 0x0000000085800000, 0x0000000085900000|  0%| F|  |TAMS 0x0000000085800000, 0x0000000085800000| Untracked 
|  67|0x0000000085900000, 0x0000000085900000, 0x0000000085a00000|  0%| F|  |TAMS 0x0000000085900000, 0x0000000085900000| Untracked 
|  68|0x0000000085a00000, 0x0000000085a00000, 0x0000000085b00000|  0%| F|  |TAMS 0x0000000085a00000, 0x0000000085a00000| Untracked 
|  69|0x0000000085b00000, 0x0000000085b00000, 0x0000000085c00000|  0%| F|  |TAMS 0x0000000085b00000, 0x0000000085b00000| Untracked 
|  70|0x0000000085c00000, 0x0000000085c00000, 0x0000000085d00000|  0%| F|  |TAMS 0x0000000085c00000, 0x0000000085c00000| Untracked 
|  71|0x0000000085d00000, 0x0000000085d00000, 0x0000000085e00000|  0%| F|  |TAMS 0x0000000085d00000, 0x0000000085d00000| Untracked 
|  72|0x0000000085e00000, 0x0000000085e00000, 0x0000000085f00000|  0%| F|  |TAMS 0x0000000085e00000, 0x0000000085e00000| Untracked 
|  73|0x0000000085f00000, 0x0000000085f00000, 0x0000000086000000|  0%| F|  |TAMS 0x0000000085f00000, 0x0000000085f00000| Untracked 
|  74|0x0000000086000000, 0x0000000086000000, 0x0000000086100000|  0%| F|  |TAMS 0x0000000086000000, 0x0000000086000000| Untracked 
|  75|0x0000000086100000, 0x0000000086100000, 0x0000000086200000|  0%| F|  |TAMS 0x0000000086100000, 0x0000000086100000| Untracked 
|  76|0x0000000086200000, 0x0000000086200000, 0x0000000086300000|  0%| F|  |TAMS 0x0000000086200000, 0x0000000086200000| Untracked 
|  77|0x0000000086300000, 0x0000000086300000, 0x0000000086400000|  0%| F|  |TAMS 0x0000000086300000, 0x0000000086300000| Untracked 
|  78|0x0000000086400000, 0x0000000086400000, 0x0000000086500000|  0%| F|  |TAMS 0x0000000086400000, 0x0000000086400000| Untracked 
|  79|0x0000000086500000, 0x0000000086500000, 0x0000000086600000|  0%| F|  |TAMS 0x0000000086500000, 0x0000000086500000| Untracked 
|  80|0x0000000086600000, 0x0000000086600000, 0x0000000086700000|  0%| F|  |TAMS 0x0000000086600000, 0x0000000086600000| Untracked 
|  81|0x0000000086700000, 0x0000000086700000, 0x0000000086800000|  0%| F|  |TAMS 0x0000000086700000, 0x0000000086700000| Untracked 
|  82|0x0000000086800000, 0x0000000086800000, 0x0000000086900000|  0%| F|  |TAMS 0x0000000086800000, 0x0000000086800000| Untracked 
|  83|0x0000000086900000, 0x0000000086900000, 0x0000000086a00000|  0%| F|  |TAMS 0x0000000086900000, 0x0000000086900000| Untracked 
|  84|0x0000000086a00000, 0x0000000086a00000, 0x0000000086b00000|  0%| F|  |TAMS 0x0000000086a00000, 0x0000000086a00000| Untracked 
|  85|0x0000000086b00000, 0x0000000086b00000, 0x0000000086c00000|  0%| F|  |TAMS 0x0000000086b00000, 0x0000000086b00000| Untracked 
|  86|0x0000000086c00000, 0x0000000086c00000, 0x0000000086d00000|  0%| F|  |TAMS 0x0000000086c00000, 0x0000000086c00000| Untracked 
|  87|0x0000000086d00000, 0x0000000086d00000, 0x0000000086e00000|  0%| F|  |TAMS 0x0000000086d00000, 0x0000000086d00000| Untracked 
|  88|0x0000000086e00000, 0x0000000086e00000, 0x0000000086f00000|  0%| F|  |TAMS 0x0000000086e00000, 0x0000000086e00000| Untracked 
|  89|0x0000000086f00000, 0x0000000086f5ebf0, 0x0000000087000000| 37%| S|CS|TAMS 0x0000000086f00000, 0x0000000086f00000| Complete 
|  90|0x0000000087000000, 0x0000000087100000, 0x0000000087100000|100%| S|CS|TAMS 0x0000000087000000, 0x0000000087000000| Complete 
|  91|0x0000000087100000, 0x0000000087200000, 0x0000000087200000|100%| S|CS|TAMS 0x0000000087100000, 0x0000000087100000| Complete 
|  92|0x0000000087200000, 0x0000000087300000, 0x0000000087300000|100%| S|CS|TAMS 0x0000000087200000, 0x0000000087200000| Complete 
|  93|0x0000000087300000, 0x0000000087400000, 0x0000000087400000|100%| S|CS|TAMS 0x0000000087300000, 0x0000000087300000| Complete 
|  94|0x0000000087400000, 0x0000000087400000, 0x0000000087500000|  0%| F|  |TAMS 0x0000000087400000, 0x0000000087400000| Untracked 
|  95|0x0000000087500000, 0x0000000087500000, 0x0000000087600000|  0%| F|  |TAMS 0x0000000087500000, 0x0000000087500000| Untracked 
|  96|0x0000000087600000, 0x0000000087600000, 0x0000000087700000|  0%| F|  |TAMS 0x0000000087600000, 0x0000000087600000| Untracked 
|  97|0x0000000087700000, 0x0000000087700000, 0x0000000087800000|  0%| F|  |TAMS 0x0000000087700000, 0x0000000087700000| Untracked 
|  98|0x0000000087800000, 0x0000000087800000, 0x0000000087900000|  0%| F|  |TAMS 0x0000000087800000, 0x0000000087800000| Untracked 
|  99|0x0000000087900000, 0x0000000087900000, 0x0000000087a00000|  0%| F|  |TAMS 0x0000000087900000, 0x0000000087900000| Untracked 
| 100|0x0000000087a00000, 0x0000000087a00000, 0x0000000087b00000|  0%| F|  |TAMS 0x0000000087a00000, 0x0000000087a00000| Untracked 
| 101|0x0000000087b00000, 0x0000000087b00000, 0x0000000087c00000|  0%| F|  |TAMS 0x0000000087b00000, 0x0000000087b00000| Untracked 
| 102|0x0000000087c00000, 0x0000000087c00000, 0x0000000087d00000|  0%| F|  |TAMS 0x0000000087c00000, 0x0000000087c00000| Untracked 
| 103|0x0000000087d00000, 0x0000000087d00000, 0x0000000087e00000|  0%| F|  |TAMS 0x0000000087d00000, 0x0000000087d00000| Untracked 
| 104|0x0000000087e00000, 0x0000000087e80800, 0x0000000087f00000| 50%| E|  |TAMS 0x0000000087e00000, 0x0000000087e00000| Complete 
| 105|0x0000000087f00000, 0x0000000088000000, 0x0000000088000000|100%| E|CS|TAMS 0x0000000087f00000, 0x0000000087f00000| Complete 
| 106|0x0000000088000000, 0x0000000088100000, 0x0000000088100000|100%| E|CS|TAMS 0x0000000088000000, 0x0000000088000000| Complete 
| 107|0x0000000088100000, 0x0000000088200000, 0x0000000088200000|100%| E|CS|TAMS 0x0000000088100000, 0x0000000088100000| Complete 
| 108|0x0000000088200000, 0x0000000088300000, 0x0000000088300000|100%| E|CS|TAMS 0x0000000088200000, 0x0000000088200000| Complete 
| 109|0x0000000088300000, 0x0000000088400000, 0x0000000088400000|100%| E|CS|TAMS 0x0000000088300000, 0x0000000088300000| Complete 
| 110|0x0000000088400000, 0x0000000088500000, 0x0000000088500000|100%| E|CS|TAMS 0x0000000088400000, 0x0000000088400000| Complete 
| 111|0x0000000088500000, 0x0000000088600000, 0x0000000088600000|100%| E|CS|TAMS 0x0000000088500000, 0x0000000088500000| Complete 
| 112|0x0000000088600000, 0x0000000088700000, 0x0000000088700000|100%| E|CS|TAMS 0x0000000088600000, 0x0000000088600000| Complete 
| 113|0x0000000088700000, 0x0000000088800000, 0x0000000088800000|100%| E|CS|TAMS 0x0000000088700000, 0x0000000088700000| Complete 
| 114|0x0000000088800000, 0x0000000088900000, 0x0000000088900000|100%| E|CS|TAMS 0x0000000088800000, 0x0000000088800000| Complete 
| 115|0x0000000088900000, 0x0000000088a00000, 0x0000000088a00000|100%| E|CS|TAMS 0x0000000088900000, 0x0000000088900000| Complete 
| 116|0x0000000088a00000, 0x0000000088b00000, 0x0000000088b00000|100%| E|CS|TAMS 0x0000000088a00000, 0x0000000088a00000| Complete 
| 117|0x0000000088b00000, 0x0000000088c00000, 0x0000000088c00000|100%| E|CS|TAMS 0x0000000088b00000, 0x0000000088b00000| Complete 
| 118|0x0000000088c00000, 0x0000000088d00000, 0x0000000088d00000|100%| E|CS|TAMS 0x0000000088c00000, 0x0000000088c00000| Complete 
| 119|0x0000000088d00000, 0x0000000088e00000, 0x0000000088e00000|100%| E|CS|TAMS 0x0000000088d00000, 0x0000000088d00000| Complete 
| 120|0x0000000088e00000, 0x0000000088f00000, 0x0000000088f00000|100%| E|CS|TAMS 0x0000000088e00000, 0x0000000088e00000| Complete 
| 121|0x0000000088f00000, 0x0000000089000000, 0x0000000089000000|100%| E|CS|TAMS 0x0000000088f00000, 0x0000000088f00000| Complete 
| 122|0x0000000089000000, 0x0000000089100000, 0x0000000089100000|100%| E|CS|TAMS 0x0000000089000000, 0x0000000089000000| Complete 
| 123|0x0000000089100000, 0x0000000089200000, 0x0000000089200000|100%| E|CS|TAMS 0x0000000089100000, 0x0000000089100000| Complete 
| 124|0x0000000089200000, 0x0000000089300000, 0x0000000089300000|100%| E|CS|TAMS 0x0000000089200000, 0x0000000089200000| Complete 
| 125|0x0000000089300000, 0x0000000089400000, 0x0000000089400000|100%| E|CS|TAMS 0x0000000089300000, 0x0000000089300000| Complete 
| 126|0x0000000089400000, 0x0000000089500000, 0x0000000089500000|100%| E|CS|TAMS 0x0000000089400000, 0x0000000089400000| Complete 
| 127|0x0000000089500000, 0x0000000089600000, 0x0000000089600000|100%| E|CS|TAMS 0x0000000089500000, 0x0000000089500000| Complete 

Card table byte_map: [0x000001c44a690000,0x000001c44aa90000] _byte_map_base: 0x000001c44a285000

Marking Bits (Prev, Next): (CMBitMap*) 0x000001c4313fbc30, (CMBitMap*) 0x000001c4313fbc70
 Prev Bits: [0x000001c44ae90000, 0x000001c44ce38000)
 Next Bits: [0x000001c44ce40000, 0x000001c44ede8000)

Polling page: 0x000001c431460000

Metaspace:

Usage:
  Non-class:     14.40 MB used.
      Class:      2.41 MB used.
       Both:     16.80 MB used.

Virtual space:
  Non-class space:       16.00 MB reserved,      14.50 MB ( 91%) committed,  2 nodes.
      Class space:        1.00 GB reserved,       2.50 MB ( <1%) committed,  1 nodes.
             Both:        1.02 GB reserved,      17.00 MB (  2%) committed. 

Chunk freelists:
   Non-Class:  896.00 KB
       Class:  1.44 MB
        Both:  2.31 MB

MaxMetaspaceSize: unlimited
CompressedClassSpaceSize: 1.00 GB
Initial GC threshold: 21.00 MB
Current GC threshold: 21.00 MB
CDS: on
MetaspaceReclaimPolicy: balanced
 - commit_granule_bytes: 65536.
 - commit_granule_words: 8192.
 - virtual_space_node_default_size: 1048576.
 - enlarge_chunks_in_place: 1.
 - new_chunks_are_fully_committed: 0.
 - uncommit_free_chunks: 1.
 - use_allocation_guard: 0.
 - handle_deallocations: 1.


Internal statistics:

num_allocs_failed_limit: 0.
num_arena_births: 224.
num_arena_deaths: 0.
num_vsnodes_births: 3.
num_vsnodes_deaths: 0.
num_space_committed: 272.
num_space_uncommitted: 0.
num_chunks_returned_to_freelist: 0.
num_chunks_taken_from_freelist: 788.
num_chunk_merges: 0.
num_chunk_splits: 538.
num_chunks_enlarged: 417.
num_purges: 0.
num_inconsistent_stats: 0.

CodeHeap 'non-profiled nmethods': size=120000Kb used=1209Kb max_used=1209Kb free=118790Kb
 bounds [0x000001c442a30000, 0x000001c442ca0000, 0x000001c449f60000]
CodeHeap 'profiled nmethods': size=120000Kb used=6368Kb max_used=6368Kb free=113631Kb
 bounds [0x000001c43b500000, 0x000001c43bb40000, 0x000001c442a30000]
CodeHeap 'non-nmethods': size=5760Kb used=1423Kb max_used=1489Kb free=4336Kb
 bounds [0x000001c43af60000, 0x000001c43b1d0000, 0x000001c43b500000]
 total_blobs=4112 nmethods=3327 adapters=696
 compilation: enabled
              stopped_count=0, restarted_count=0
 full_count=0

Compilation events (20 events):
Event: 3.465 Thread 0x000001c451802b60 3330       1       com.sun.javafx.sg.prism.NGShape::getMode (5 bytes)
Event: 3.465 Thread 0x000001c451802b60 nmethod 3330 0x000001c442b5d110 code [0x000001c442b5d2a0, 0x000001c442b5d378]
Event: 3.465 Thread 0x000001c451802b60 3328       1       com.sun.prism.impl.BaseContext::getAssociatedScreen (5 bytes)
Event: 3.465 Thread 0x000001c451802b60 nmethod 3328 0x000001c442b5d410 code [0x000001c442b5d5a0, 0x000001c442b5d678]
Event: 3.465 Thread 0x000001c451802b60 3336       3       java.util.AbstractList::equals (117 bytes)
Event: 3.466 Thread 0x000001c451802b60 nmethod 3336 0x000001c43bb31090 code [0x000001c43bb31300, 0x000001c43bb32088]
Event: 3.466 Thread 0x000001c451802b60 3338   !   3       com.sun.javafx.sg.prism.NGGroup::renderContent (422 bytes)
Event: 3.467 Thread 0x000001c451802b60 nmethod 3338 0x000001c43bb32310 code [0x000001c43bb327e0, 0x000001c43bb353e8]
Event: 3.467 Thread 0x000001c451802b60 3339       3       javafx.scene.paint.Color::equals (75 bytes)
Event: 3.467 Thread 0x000001c451802b60 nmethod 3339 0x000001c43bb36390 code [0x000001c43bb36560, 0x000001c43bb36af8]
Event: 3.467 Thread 0x000001c451802b60 3334       3       com.sun.javafx.geom.transform.AffineBase::translate (548 bytes)
Event: 3.469 Thread 0x000001c451802b60 nmethod 3334 0x000001c43bb36c10 code [0x000001c43bb36e20, 0x000001c43bb37b68]
Event: 3.469 Thread 0x000001c451802b60 3337       3       java.util.Collections$EmptyList::equals (25 bytes)
Event: 3.470 Thread 0x000001c451802b60 nmethod 3337 0x000001c43bb37c90 code [0x000001c43bb37e40, 0x000001c43bb382c8]
Event: 3.470 Thread 0x000001c451802b60 3335       1       com.sun.prism.impl.BaseResourceFactory::getRegionTexture (5 bytes)
Event: 3.470 Thread 0x000001c4518024b0 nmethod 3267 0x000001c442b5d710 code [0x000001c442b5d8a0, 0x000001c442b5dd78]
Event: 3.470 Thread 0x000001c4518024b0 3244   !   4       javafx.scene.CssStyleHelper::transitionToState (1031 bytes)
Event: 3.470 Thread 0x000001c451802b60 nmethod 3335 0x000001c442b5e090 code [0x000001c442b5e220, 0x000001c442b5e2f8]
Event: 3.470 Thread 0x000001c451802b60 3333       1       com.sun.prism.impl.BaseGraphics::getFinalClipNoClone (5 bytes)
Event: 3.470 Thread 0x000001c451802b60 nmethod 3333 0x000001c442b5e390 code [0x000001c442b5e520, 0x000001c442b5e5f8]

GC Heap History (4 events):
Event: 0.773 GC heap before
{Heap before GC invocations=0 (full 0):
 garbage-first heap   total 131072K, used 22528K [0x0000000081600000, 0x0000000100000000)
  region size 1024K, 23 young (23552K), 0 survivors (0K)
 Metaspace       used 6352K, committed 6528K, reserved 1056768K
  class space    used 769K, committed 832K, reserved 1048576K
}
Event: 0.776 GC heap after
{Heap after GC invocations=1 (full 0):
 garbage-first heap   total 131072K, used 3115K [0x0000000081600000, 0x0000000100000000)
  region size 1024K, 3 young (3072K), 3 survivors (3072K)
 Metaspace       used 6352K, committed 6528K, reserved 1056768K
  class space    used 769K, committed 832K, reserved 1048576K
}
Event: 1.501 GC heap before
{Heap before GC invocations=1 (full 0):
 garbage-first heap   total 131072K, used 34859K [0x0000000081600000, 0x0000000100000000)
  region size 1024K, 34 young (34816K), 3 survivors (3072K)
 Metaspace       used 13768K, committed 14016K, reserved 1064960K
  class space    used 1970K, committed 2112K, reserved 1048576K
}
Event: 1.508 GC heap after
{Heap after GC invocations=2 (full 0):
 garbage-first heap   total 131072K, used 7592K [0x0000000081600000, 0x0000000100000000)
  region size 1024K, 5 young (5120K), 5 survivors (5120K)
 Metaspace       used 13768K, committed 14016K, reserved 1064960K
  class space    used 1970K, committed 2112K, reserved 1048576K
}

Dll operation events (20 events):
Event: 0.421 Loaded shared library C:\Users\Arsen\.openjfx\cache\17.0.2-ea\api-ms-win-crt-filesystem-l1-1-0.dll
Event: 0.423 Loaded shared library C:\Users\Arsen\.openjfx\cache\17.0.2-ea\api-ms-win-crt-heap-l1-1-0.dll
Event: 0.426 Loaded shared library C:\Users\Arsen\.openjfx\cache\17.0.2-ea\api-ms-win-crt-locale-l1-1-0.dll
Event: 0.429 Loaded shared library C:\Users\Arsen\.openjfx\cache\17.0.2-ea\api-ms-win-crt-math-l1-1-0.dll
Event: 0.431 Loaded shared library C:\Users\Arsen\.openjfx\cache\17.0.2-ea\api-ms-win-crt-multibyte-l1-1-0.dll
Event: 0.434 Loaded shared library C:\Users\Arsen\.openjfx\cache\17.0.2-ea\api-ms-win-crt-private-l1-1-0.dll
Event: 0.436 Loaded shared library C:\Users\Arsen\.openjfx\cache\17.0.2-ea\api-ms-win-crt-process-l1-1-0.dll
Event: 0.439 Loaded shared library C:\Users\Arsen\.openjfx\cache\17.0.2-ea\api-ms-win-crt-runtime-l1-1-0.dll
Event: 0.441 Loaded shared library C:\Users\Arsen\.openjfx\cache\17.0.2-ea\api-ms-win-crt-stdio-l1-1-0.dll
Event: 0.443 Loaded shared library C:\Users\Arsen\.openjfx\cache\17.0.2-ea\api-ms-win-crt-string-l1-1-0.dll
Event: 0.446 Loaded shared library C:\Users\Arsen\.openjfx\cache\17.0.2-ea\api-ms-win-crt-time-l1-1-0.dll
Event: 0.448 Loaded shared library C:\Users\Arsen\.openjfx\cache\17.0.2-ea\api-ms-win-crt-utility-l1-1-0.dll
Event: 0.463 Loaded shared library C:\Users\Arsen\.openjfx\cache\17.0.2-ea\ucrtbase.dll
Event: 0.468 Loaded shared library C:\Users\Arsen\.openjfx\cache\17.0.2-ea\vcruntime140.dll
Event: 0.471 Loaded shared library C:\Users\Arsen\.openjfx\cache\17.0.2-ea\vcruntime140_1.dll
Event: 0.484 Loaded shared library C:\Users\Arsen\.openjfx\cache\17.0.2-ea\msvcp140.dll
Event: 0.541 Loaded shared library C:\Users\Arsen\.openjfx\cache\17.0.2-ea\prism_d3d.dll
Event: 0.579 Loaded shared library C:\Users\Arsen\.openjfx\cache\17.0.2-ea\glass.dll
Event: 0.700 Loaded shared library C:\Users\Arsen\.jdks\corretto-17.0.5-1\bin\jimage.dll
Event: 0.853 Loaded shared library C:\Users\Arsen\.openjfx\cache\17.0.2-ea\javafx_font.dll

Deoptimization events (20 events):
Event: 1.589 Thread 0x000001c452fd2ea0 Uncommon trap: trap_request=0xffffffd6 fr.pc=0x000001c442aee190 relative=0x0000000000000250
Event: 1.589 Thread 0x000001c452fd2ea0 Uncommon trap: reason=array_check action=maybe_recompile pc=0x000001c442aee190 method=javafx.css.SimpleSelector.applies(Ljavafx/css/Styleable;[Ljava/util/Set;I)Z @ 37 c2
Event: 1.589 Thread 0x000001c452fd2ea0 DEOPT PACKING pc=0x000001c442aee190 sp=0x0000001361ffd0a0
Event: 1.589 Thread 0x000001c452fd2ea0 DEOPT UNPACKING pc=0x000001c43afb23a3 sp=0x0000001361ffd048 mode 2
Event: 1.589 Thread 0x000001c452fd2ea0 Uncommon trap: trap_request=0xffffffd6 fr.pc=0x000001c442aee190 relative=0x0000000000000250
Event: 1.589 Thread 0x000001c452fd2ea0 Uncommon trap: reason=array_check action=maybe_recompile pc=0x000001c442aee190 method=javafx.css.SimpleSelector.applies(Ljavafx/css/Styleable;[Ljava/util/Set;I)Z @ 37 c2
Event: 1.589 Thread 0x000001c452fd2ea0 DEOPT PACKING pc=0x000001c442aee190 sp=0x0000001361ffd030
Event: 1.589 Thread 0x000001c452fd2ea0 DEOPT UNPACKING pc=0x000001c43afb23a3 sp=0x0000001361ffcfd8 mode 2
Event: 1.627 Thread 0x000001c452fd2ea0 Uncommon trap: trap_request=0xffffff45 fr.pc=0x000001c442ae4084 relative=0x00000000000009c4
Event: 1.627 Thread 0x000001c452fd2ea0 Uncommon trap: reason=unstable_if action=reinterpret pc=0x000001c442ae4084 method=javafx.scene.CssStyleHelper.getStyle(Ljavafx/css/Styleable;Ljava/lang/String;Lcom/sun/javafx/css/StyleMap;Ljava/util/Set;)Lcom/sun/javafx/css/CascadingStyle; @ 8 c2
Event: 1.627 Thread 0x000001c452fd2ea0 DEOPT PACKING pc=0x000001c442ae4084 sp=0x0000001361ffdc40
Event: 1.627 Thread 0x000001c452fd2ea0 DEOPT UNPACKING pc=0x000001c43afb23a3 sp=0x0000001361ffdbd8 mode 2
Event: 2.065 Thread 0x000001c452da0c20 Uncommon trap: trap_request=0xffffff45 fr.pc=0x000001c442aff15c relative=0x0000000000000afc
Event: 2.065 Thread 0x000001c452da0c20 Uncommon trap: reason=unstable_if action=reinterpret pc=0x000001c442aff15c method=java.util.WeakHashMap.matchesKey(Ljava/util/WeakHashMap$Entry;Ljava/lang/Object;)Z @ 5 c2
Event: 2.065 Thread 0x000001c452da0c20 DEOPT PACKING pc=0x000001c442aff15c sp=0x0000001361dfde10
Event: 2.065 Thread 0x000001c452da0c20 DEOPT UNPACKING pc=0x000001c43afb23a3 sp=0x0000001361dfdd70 mode 2
Event: 3.453 Thread 0x000001c452da0c20 Uncommon trap: trap_request=0xffffff45 fr.pc=0x000001c442b47d8c relative=0x000000000000008c
Event: 3.453 Thread 0x000001c452da0c20 Uncommon trap: reason=unstable_if action=reinterpret pc=0x000001c442b47d8c method=com.sun.javafx.geom.RectBounds.isEmpty()Z @ 21 c2
Event: 3.453 Thread 0x000001c452da0c20 DEOPT PACKING pc=0x000001c442b47d8c sp=0x0000001361dfd6f0
Event: 3.453 Thread 0x000001c452da0c20 DEOPT UNPACKING pc=0x000001c43afb23a3 sp=0x0000001361dfd680 mode 2

Classes unloaded (0 events):
No events

Classes redefined (0 events):
No events

Internal exceptions (20 events):
Event: 0.918 Thread 0x000001c452fd2ea0 Exception <a 'java/lang/NoSuchMethodError'{0x0000000088ddbf48}: 'void java.lang.invoke.DirectMethodHandle$Holder.invokeStaticInit(java.lang.Object, java.lang.Object)'> (0x0000000088ddbf48) 
thrown [s\src\hotspot\share\interpreter\linkResolver.cpp, line 759]
Event: 1.040 Thread 0x000001c452fd2ea0 Exception <a 'java/lang/NoSuchMethodError'{0x0000000088733f88}: 'void java.lang.invoke.DirectMethodHandle$Holder.invokeSpecial(java.lang.Object, java.lang.Object, java.lang.Object, java.lang.Object, java.lang.Object)'> (0x0000000088733f88) 
thrown [s\src\hotspot\share\interpreter\linkResolver.cpp, line 759]
Event: 1.061 Thread 0x000001c452fd2ea0 Exception <a 'sun/nio/fs/WindowsException'{0x0000000088670f10}> (0x0000000088670f10) 
thrown [s\src\hotspot\share\prims\jni.cpp, line 516]
Event: 1.193 Thread 0x000001c452fd2ea0 Exception <a 'sun/nio/fs/WindowsException'{0x00000000883f1408}> (0x00000000883f1408) 
thrown [s\src\hotspot\share\prims\jni.cpp, line 516]
Event: 1.199 Thread 0x000001c452fd2ea0 Implicit null exception at 0x000001c442a4c660 to 0x000001c442a4c6fa
Event: 1.209 Thread 0x000001c452fd2ea0 Implicit null exception at 0x000001c442a89d0f to 0x000001c442a8a2f4
Event: 1.209 Thread 0x000001c452fd2ea0 Implicit null exception at 0x000001c442a8900c to 0x000001c442a8947c
Event: 1.210 Thread 0x000001c452fd2ea0 Implicit null exception at 0x000001c442a49f0f to 0x000001c442a49f89
Event: 1.225 Thread 0x000001c452fd2ea0 Exception <a 'java/lang/ClassNotFoundException'{0x00000000881538f8}: com/sun/javafx/scene/control/skin/resources/controls-nt> (0x00000000881538f8) 
thrown [s\src\hotspot\share\prims\jni.cpp, line 535]
Event: 1.225 Thread 0x000001c452fd2ea0 Exception <a 'java/lang/ClassNotFoundException'{0x000000008815bec0}: com/sun/javafx/scene/control/skin/resources/controls-nt_ru> (0x000000008815bec0) 
thrown [s\src\hotspot\share\prims\jni.cpp, line 535]
Event: 1.225 Thread 0x000001c452fd2ea0 Exception <a 'java/lang/ClassNotFoundException'{0x000000008815ce60}: com/sun/javafx/scene/control/skin/resources/controls-nt_ru_RU> (0x000000008815ce60) 
thrown [s\src\hotspot\share\prims\jni.cpp, line 535]
Event: 1.330 Thread 0x000001c452fd2ea0 Exception <a 'java/lang/ClassNotFoundException'{0x0000000087a119c8}: com/sun/javafx/scene/control/skin/resources/controls> (0x0000000087a119c8) 
thrown [s\src\hotspot\share\prims\jni.cpp, line 535]
Event: 1.332 Thread 0x000001c452fd2ea0 Exception <a 'java/lang/ClassNotFoundException'{0x0000000087a1f968}: com/sun/javafx/scene/control/skin/resources/controls_ru> (0x0000000087a1f968) 
thrown [s\src\hotspot\share\prims\jni.cpp, line 535]
Event: 1.332 Thread 0x000001c452fd2ea0 Exception <a 'java/lang/ClassNotFoundException'{0x0000000087a20900}: com/sun/javafx/scene/control/skin/resources/controls_ru_RU> (0x0000000087a20900) 
thrown [s\src\hotspot\share\prims\jni.cpp, line 535]
Event: 1.359 Thread 0x000001c452fd2ea0 Exception <a 'java/lang/NoSuchMethodError'{0x0000000087978ca0}: 'java.lang.Object java.lang.invoke.DirectMethodHandle$Holder.invokeInterface(java.lang.Object, java.lang.Object, java.lang.Object)'> (0x0000000087978ca0) 
thrown [s\src\hotspot\share\interpreter\linkResolver.cpp, line 759]
Event: 1.359 Thread 0x000001c452fd2ea0 Exception <a 'java/lang/IncompatibleClassChangeError'{0x000000008797c628}: Found class java.lang.Object, but interface was expected> (0x000000008797c628) 
thrown [s\src\hotspot\share\interpreter\linkResolver.cpp, line 826]
Event: 1.590 Thread 0x000001c452fd2ea0 Exception <a 'java/lang/NoSuchMethodError'{0x0000000089167d18}: 'void java.lang.invoke.DirectMethodHandle$Holder.invokeSpecial(java.lang.Object, java.lang.Object, java.lang.Object, java.lang.Object, java.lang.Object, java.lang.Object)'> (0x0000000089167d18) 
thrown [s\src\hotspot\share\interpreter\linkResolver.cpp, line 759]
Event: 1.693 Thread 0x000001c452fd2ea0 Exception <a 'java/lang/NoSuchMethodError'{0x0000000088c36618}: 'void java.lang.invoke.DirectMethodHandle$Holder.invokeSpecialIFC(java.lang.Object, java.lang.Object, java.lang.Object, java.lang.Object)'> (0x0000000088c36618) 
thrown [s\src\hotspot\share\interpreter\linkResolver.cpp, line 759]
Event: 1.863 Thread 0x000001c452fd2ea0 Exception <a 'java/lang/NoSuchMethodError'{0x00000000886c1c30}: 'java.lang.Object java.lang.invoke.DirectMethodHandle$Holder.newInvokeSpecial(java.lang.Object, java.lang.Object, int)'> (0x00000000886c1c30) 
thrown [s\src\hotspot\share\interpreter\linkResolver.cpp, line 759]
Event: 1.965 Thread 0x000001c452da0c20 Exception <a 'java/lang/NoSuchMethodError'{0x000000008839adc8}: 'int java.lang.invoke.DirectMethodHandle$Holder.invokeStaticInit(java.lang.Object, java.lang.Object)'> (0x000000008839adc8) 
thrown [s\src\hotspot\share\interpreter\linkResolver.cpp, line 759]

VM Operations (20 events):
Event: 0.571 Executing VM operation: HandshakeAllThreads
Event: 0.571 Executing VM operation: HandshakeAllThreads done
Event: 0.772 Executing VM operation: G1CollectForAllocation
Event: 0.776 Executing VM operation: G1CollectForAllocation done
Event: 0.858 Executing VM operation: HandshakeAllThreads
Event: 0.858 Executing VM operation: HandshakeAllThreads done
Event: 1.065 Executing VM operation: HandshakeAllThreads
Event: 1.065 Executing VM operation: HandshakeAllThreads done
Event: 1.124 Executing VM operation: ICBufferFull
Event: 1.124 Executing VM operation: ICBufferFull done
Event: 1.445 Executing VM operation: ICBufferFull
Event: 1.445 Executing VM operation: ICBufferFull done
Event: 1.501 Executing VM operation: G1CollectForAllocation
Event: 1.508 Executing VM operation: G1CollectForAllocation done
Event: 1.730 Executing VM operation: ICBufferFull
Event: 1.730 Executing VM operation: ICBufferFull done
Event: 2.047 Executing VM operation: ICBufferFull
Event: 2.047 Executing VM operation: ICBufferFull done
Event: 3.048 Executing VM operation: Cleanup
Event: 3.048 Executing VM operation: Cleanup done

Events (20 events):
Event: 2.008 loading class java/util/concurrent/ConcurrentLinkedQueue$Node
Event: 2.008 loading class java/util/concurrent/ConcurrentLinkedQueue$Node done
Event: 2.011 loading class jdk/internal/ref/CleanerImpl$InnocuousThreadFactory
Event: 2.011 loading class jdk/internal/ref/CleanerImpl$InnocuousThreadFactory done
Event: 2.012 Thread 0x000001c453c7adb0 Thread added: 0x000001c453c7adb0
Event: 2.019 loading class sun/misc/Unsafe
Event: 2.019 loading class sun/misc/Unsafe done
Event: 2.019 loading class jdk/internal/reflect/UnsafeQualifiedStaticObjectFieldAccessorImpl
Event: 2.020 loading class jdk/internal/reflect/UnsafeQualifiedStaticFieldAccessorImpl
Event: 2.020 loading class jdk/internal/reflect/UnsafeQualifiedStaticFieldAccessorImpl done
Event: 2.020 loading class jdk/internal/reflect/UnsafeQualifiedStaticObjectFieldAccessorImpl done
Event: 2.047 loading class java/nio/ShortBuffer
Event: 2.048 loading class java/nio/ShortBuffer done
Event: 2.048 loading class java/nio/FloatBuffer
Event: 2.048 loading class java/nio/FloatBuffer done
Event: 2.048 loading class java/nio/DoubleBuffer
Event: 2.048 loading class java/nio/DoubleBuffer done
Event: 2.048 loading class java/nio/DirectFloatBufferU
Event: 2.049 loading class java/nio/DirectFloatBufferU done
Event: 2.464 Thread 0x000001c4524b2320 Thread exited: 0x000001c4524b2320


Dynamic libraries:
0x00007ff71d120000 - 0x00007ff71d12d000 	C:\Users\Arsen\.jdks\corretto-17.0.5-1\bin\java.exe
0x00007ffa2edb0000 - 0x00007ffa2efa5000 	C:\Windows\SYSTEM32\ntdll.dll
0x00007ffa2df60000 - 0x00007ffa2e01e000 	C:\Windows\System32\KERNEL32.DLL
0x00007ffa2cb20000 - 0x00007ffa2cde8000 	C:\Windows\System32\KERNELBASE.dll
0x00007ffa2c810000 - 0x00007ffa2c910000 	C:\Windows\System32\ucrtbase.dll
0x00007ffa10f40000 - 0x00007ffa10f57000 	C:\Users\Arsen\.jdks\corretto-17.0.5-1\bin\jli.dll
0x00007ffa10a90000 - 0x00007ffa10aa5000 	C:\Users\Arsen\.jdks\corretto-17.0.5-1\bin\VCRUNTIME140.dll
0x00007ffa2ddb0000 - 0x00007ffa2df51000 	C:\Windows\System32\USER32.dll
0x00007ffa177c0000 - 0x00007ffa17a5a000 	C:\Windows\WinSxS\amd64_microsoft.windows.common-controls_6595b64144ccf1df_6.0.19041.1110_none_60b5254171f9507e\COMCTL32.dll
0x00007ffa2ca60000 - 0x00007ffa2ca82000 	C:\Windows\System32\win32u.dll
0x00007ffa2d380000 - 0x00007ffa2d3ab000 	C:\Windows\System32\GDI32.dll
0x00007ffa2db80000 - 0x00007ffa2dc1e000 	C:\Windows\System32\msvcrt.dll
0x00007ffa2c700000 - 0x00007ffa2c80d000 	C:\Windows\System32\gdi32full.dll
0x00007ffa2c970000 - 0x00007ffa2ca0d000 	C:\Windows\System32\msvcp_win.dll
0x00007ffa2d730000 - 0x00007ffa2d760000 	C:\Windows\System32\IMM32.DLL
0x00007ff9ea250000 - 0x00007ff9ea2eb000 	C:\Users\Arsen\.jdks\corretto-17.0.5-1\bin\msvcp140.dll
0x00007ff9d8d30000 - 0x00007ff9d9944000 	C:\Users\Arsen\.jdks\corretto-17.0.5-1\bin\server\jvm.dll
0x00007ffa2ec40000 - 0x00007ffa2ecec000 	C:\Windows\System32\ADVAPI32.dll
0x00007ffa2d3f0000 - 0x00007ffa2d48b000 	C:\Windows\System32\sechost.dll
0x00007ffa2d490000 - 0x00007ffa2d5ba000 	C:\Windows\System32\RPCRT4.dll
0x00007ffa0f820000 - 0x00007ffa0f829000 	C:\Windows\SYSTEM32\WSOCK32.dll
0x00007ffa14370000 - 0x00007ffa14397000 	C:\Windows\SYSTEM32\WINMM.dll
0x00007ffa26540000 - 0x00007ffa2654a000 	C:\Windows\SYSTEM32\VERSION.dll
0x00007ffa2ebd0000 - 0x00007ffa2ec3b000 	C:\Windows\System32\WS2_32.dll
0x00007ffa2ad50000 - 0x00007ffa2ad62000 	C:\Windows\SYSTEM32\kernel.appcore.dll
0x00007ffa15330000 - 0x00007ffa1533a000 	C:\Users\Arsen\.jdks\corretto-17.0.5-1\bin\jimage.dll
0x00007ffa2a160000 - 0x00007ffa2a344000 	C:\Windows\SYSTEM32\DBGHELP.DLL
0x00007ffa0d0d0000 - 0x00007ffa0d0fc000 	C:\Windows\SYSTEM32\dbgcore.DLL
0x00007ffa2ca90000 - 0x00007ffa2cb12000 	C:\Windows\System32\bcryptPrimitives.dll
0x00007ffa14810000 - 0x00007ffa1481e000 	C:\Users\Arsen\.jdks\corretto-17.0.5-1\bin\instrument.dll
0x00007ffa0f080000 - 0x00007ffa0f0a5000 	C:\Users\Arsen\.jdks\corretto-17.0.5-1\bin\java.dll
0x00007ff9df390000 - 0x00007ff9df466000 	C:\Users\Arsen\.jdks\corretto-17.0.5-1\bin\jsvml.dll
0x00007ffa2e020000 - 0x00007ffa2e764000 	C:\Windows\System32\SHELL32.dll
0x00007ffa2a550000 - 0x00007ffa2ace4000 	C:\Windows\SYSTEM32\windows.storage.dll
0x00007ffa2d820000 - 0x00007ffa2db75000 	C:\Windows\System32\combase.dll
0x00007ffa2be30000 - 0x00007ffa2be5e000 	C:\Windows\SYSTEM32\Wldp.dll
0x00007ffa2cdf0000 - 0x00007ffa2ce9d000 	C:\Windows\System32\SHCORE.dll
0x00007ffa2d320000 - 0x00007ffa2d375000 	C:\Windows\System32\shlwapi.dll
0x00007ffa2c400000 - 0x00007ffa2c41f000 	C:\Windows\SYSTEM32\profapi.dll
0x00007ffa0d0b0000 - 0x00007ffa0d0c9000 	C:\Users\Arsen\.jdks\corretto-17.0.5-1\bin\net.dll
0x00007ffa1b310000 - 0x00007ffa1b41c000 	C:\Windows\SYSTEM32\WINHTTP.dll
0x00007ffa2bc10000 - 0x00007ffa2bc7a000 	C:\Windows\system32\mswsock.dll
0x00007ffa09e40000 - 0x00007ffa09e55000 	C:\Users\Arsen\.jdks\corretto-17.0.5-1\bin\nio.dll
0x00007ffa09e20000 - 0x00007ffa09e38000 	C:\Users\Arsen\.jdks\corretto-17.0.5-1\bin\zip.dll
0x00007ffa140d0000 - 0x00007ffa140ea000 	C:\Program Files\JetBrains\IntelliJ IDEA 2022.1\bin\breakgen64.dll
0x000001c433420000 - 0x000001c433423000 	C:\Users\Arsen\.openjfx\cache\17.0.2-ea\api-ms-win-core-console-l1-1-0.dll
0x000001c451980000 - 0x000001c451983000 	C:\Users\Arsen\.openjfx\cache\17.0.2-ea\api-ms-win-core-console-l1-2-0.dll
0x000001c451990000 - 0x000001c451993000 	C:\Users\Arsen\.openjfx\cache\17.0.2-ea\api-ms-win-core-datetime-l1-1-0.dll
0x000001c4519a0000 - 0x000001c4519a3000 	C:\Users\Arsen\.openjfx\cache\17.0.2-ea\api-ms-win-core-debug-l1-1-0.dll
0x000001c4519b0000 - 0x000001c4519b3000 	C:\Users\Arsen\.openjfx\cache\17.0.2-ea\api-ms-win-core-errorhandling-l1-1-0.dll
0x000001c4519c0000 - 0x000001c4519c4000 	C:\Users\Arsen\.openjfx\cache\17.0.2-ea\api-ms-win-core-file-l1-1-0.dll
0x000001c4519d0000 - 0x000001c4519d3000 	C:\Users\Arsen\.openjfx\cache\17.0.2-ea\api-ms-win-core-file-l1-2-0.dll
0x000001c4519e0000 - 0x000001c4519e3000 	C:\Users\Arsen\.openjfx\cache\17.0.2-ea\api-ms-win-core-file-l2-1-0.dll
0x000001c4519f0000 - 0x000001c4519f3000 	C:\Users\Arsen\.openjfx\cache\17.0.2-ea\api-ms-win-core-handle-l1-1-0.dll
0x000001c451a00000 - 0x000001c451a03000 	C:\Users\Arsen\.openjfx\cache\17.0.2-ea\api-ms-win-core-heap-l1-1-0.dll
0x000001c451a10000 - 0x000001c451a13000 	C:\Users\Arsen\.openjfx\cache\17.0.2-ea\api-ms-win-core-interlocked-l1-1-0.dll
0x000001c451a20000 - 0x000001c451a23000 	C:\Users\Arsen\.openjfx\cache\17.0.2-ea\api-ms-win-core-libraryloader-l1-1-0.dll
0x000001c451a30000 - 0x000001c451a33000 	C:\Users\Arsen\.openjfx\cache\17.0.2-ea\api-ms-win-core-localization-l1-2-0.dll
0x000001c451a40000 - 0x000001c451a43000 	C:\Users\Arsen\.openjfx\cache\17.0.2-ea\api-ms-win-core-memory-l1-1-0.dll
0x000001c451a50000 - 0x000001c451a53000 	C:\Users\Arsen\.openjfx\cache\17.0.2-ea\api-ms-win-core-namedpipe-l1-1-0.dll
0x000001c451a60000 - 0x000001c451a63000 	C:\Users\Arsen\.openjfx\cache\17.0.2-ea\api-ms-win-core-processenvironment-l1-1-0.dll
0x000001c451a70000 - 0x000001c451a73000 	C:\Users\Arsen\.openjfx\cache\17.0.2-ea\api-ms-win-core-processthreads-l1-1-0.dll
0x000001c451a80000 - 0x000001c451a83000 	C:\Users\Arsen\.openjfx\cache\17.0.2-ea\api-ms-win-core-processthreads-l1-1-1.dll
0x000001c451a90000 - 0x000001c451a93000 	C:\Users\Arsen\.openjfx\cache\17.0.2-ea\api-ms-win-core-profile-l1-1-0.dll
0x000001c451aa0000 - 0x000001c451aa3000 	C:\Users\Arsen\.openjfx\cache\17.0.2-ea\api-ms-win-core-rtlsupport-l1-1-0.dll
0x000001c451ab0000 - 0x000001c451ab3000 	C:\Users\Arsen\.openjfx\cache\17.0.2-ea\api-ms-win-core-string-l1-1-0.dll
0x000001c451ac0000 - 0x000001c451ac3000 	C:\Users\Arsen\.openjfx\cache\17.0.2-ea\api-ms-win-core-synch-l1-1-0.dll
0x000001c451ad0000 - 0x000001c451ad3000 	C:\Users\Arsen\.openjfx\cache\17.0.2-ea\api-ms-win-core-synch-l1-2-0.dll
0x000001c451ae0000 - 0x000001c451ae3000 	C:\Users\Arsen\.openjfx\cache\17.0.2-ea\api-ms-win-core-sysinfo-l1-1-0.dll
0x000001c451af0000 - 0x000001c451af3000 	C:\Users\Arsen\.openjfx\cache\17.0.2-ea\api-ms-win-core-timezone-l1-1-0.dll
0x000001c451b00000 - 0x000001c451b03000 	C:\Users\Arsen\.openjfx\cache\17.0.2-ea\api-ms-win-core-util-l1-1-0.dll
0x000001c451b10000 - 0x000001c451b13000 	C:\Users\Arsen\.openjfx\cache\17.0.2-ea\api-ms-win-crt-conio-l1-1-0.dll
0x000001c451b20000 - 0x000001c451b24000 	C:\Users\Arsen\.openjfx\cache\17.0.2-ea\api-ms-win-crt-convert-l1-1-0.dll
0x000001c451b30000 - 0x000001c451b33000 	C:\Users\Arsen\.openjfx\cache\17.0.2-ea\api-ms-win-crt-environment-l1-1-0.dll
0x000001c451b40000 - 0x000001c451b43000 	C:\Users\Arsen\.openjfx\cache\17.0.2-ea\api-ms-win-crt-filesystem-l1-1-0.dll
0x000001c451b50000 - 0x000001c451b53000 	C:\Users\Arsen\.openjfx\cache\17.0.2-ea\api-ms-win-crt-heap-l1-1-0.dll
0x000001c451b60000 - 0x000001c451b63000 	C:\Users\Arsen\.openjfx\cache\17.0.2-ea\api-ms-win-crt-locale-l1-1-0.dll
0x000001c451b70000 - 0x000001c451b75000 	C:\Users\Arsen\.openjfx\cache\17.0.2-ea\api-ms-win-crt-math-l1-1-0.dll
0x000001c451b80000 - 0x000001c451b85000 	C:\Users\Arsen\.openjfx\cache\17.0.2-ea\api-ms-win-crt-multibyte-l1-1-0.dll
0x000001c451b90000 - 0x000001c451ba0000 	C:\Users\Arsen\.openjfx\cache\17.0.2-ea\api-ms-win-crt-private-l1-1-0.dll
0x000001c451ba0000 - 0x000001c451ba3000 	C:\Users\Arsen\.openjfx\cache\17.0.2-ea\api-ms-win-crt-process-l1-1-0.dll
0x000001c451bb0000 - 0x000001c451bb4000 	C:\Users\Arsen\.openjfx\cache\17.0.2-ea\api-ms-win-crt-runtime-l1-1-0.dll
0x000001c451bc0000 - 0x000001c451bc4000 	C:\Users\Arsen\.openjfx\cache\17.0.2-ea\api-ms-win-crt-stdio-l1-1-0.dll
0x000001c451bd0000 - 0x000001c451bd4000 	C:\Users\Arsen\.openjfx\cache\17.0.2-ea\api-ms-win-crt-string-l1-1-0.dll
0x000001c451be0000 - 0x000001c451be3000 	C:\Users\Arsen\.openjfx\cache\17.0.2-ea\api-ms-win-crt-time-l1-1-0.dll
0x000001c451bf0000 - 0x000001c451bf3000 	C:\Users\Arsen\.openjfx\cache\17.0.2-ea\api-ms-win-crt-utility-l1-1-0.dll
0x00007ff9da370000 - 0x00007ff9da46c000 	C:\Users\Arsen\.openjfx\cache\17.0.2-ea\ucrtbase.dll
0x00007ffa0e120000 - 0x00007ffa0e13a000 	C:\Users\Arsen\.openjfx\cache\17.0.2-ea\vcruntime140.dll
0x00007ffa0a080000 - 0x00007ffa0a08c000 	C:\Users\Arsen\.openjfx\cache\17.0.2-ea\vcruntime140_1.dll
0x00007ffa09d60000 - 0x00007ffa09ded000 	C:\Users\Arsen\.openjfx\cache\17.0.2-ea\msvcp140.dll
0x00007ff9f44a0000 - 0x00007ff9f44ca000 	C:\Users\Arsen\.openjfx\cache\17.0.2-ea\prism_d3d.dll
0x00007ffa18d90000 - 0x00007ffa18f60000 	C:\Windows\system32\d3d9.dll
0x00007ffa29db0000 - 0x00007ffa29ddf000 	C:\Windows\SYSTEM32\dwmapi.dll
0x00007ffa298f0000 - 0x00007ffa2998e000 	C:\Windows\system32\uxtheme.dll
0x00007ff9c0a10000 - 0x00007ff9c0bba000 	C:\Windows\System32\DriverStore\FileRepository\iigd_dch.inf_amd64_e96a5623ed9fa7ca\igdumdim64.dll
0x00007ffa2dc20000 - 0x00007ffa2dd4a000 	C:\Windows\System32\ole32.dll
0x00007ff9bcde0000 - 0x00007ff9c0a07000 	C:\Windows\System32\DriverStore\FileRepository\iigd_dch.inf_amd64_e96a5623ed9fa7ca\igd9dxva64.dll
0x00007ffa2e770000 - 0x00007ffa2e83d000 	C:\Windows\System32\OLEAUT32.dll
0x00007ffa2cea0000 - 0x00007ffa2d312000 	C:\Windows\System32\SETUPAPI.dll
0x00007ffa2ca10000 - 0x00007ffa2ca5e000 	C:\Windows\System32\cfgmgr32.dll
0x00007ffa2c570000 - 0x00007ffa2c597000 	C:\Windows\System32\bcrypt.dll
0x00007ffa1ffc0000 - 0x00007ffa203a9000 	C:\Windows\System32\DriverStore\FileRepository\iigd_dch.inf_amd64_e96a5623ed9fa7ca\igdgmm64.dll
0x00007ff9f4320000 - 0x00007ff9f4362000 	C:\Users\Arsen\.openjfx\cache\17.0.2-ea\glass.dll
0x00007ffa2d650000 - 0x00007ffa2d72a000 	C:\Windows\System32\COMDLG32.dll
0x00007ffa2eab0000 - 0x00007ffa2ebc5000 	C:\Windows\System32\MSCTF.dll
0x00007ffa144a0000 - 0x00007ffa144c7000 	C:\Windows\System32\DriverStore\FileRepository\iigd_dch.inf_amd64_e96a5623ed9fa7ca\igdinfo64.dll
0x00007ffa1c9b0000 - 0x00007ffa1ffbf000 	C:\Windows\System32\DriverStore\FileRepository\iigd_dch.inf_amd64_e96a5623ed9fa7ca\igc64.dll
0x00007ffa23ca0000 - 0x00007ffa23cdb000 	C:\Windows\SYSTEM32\dxcore.dll
0x00007ffa01400000 - 0x00007ffa01414000 	C:\Users\Arsen\.openjfx\cache\17.0.2-ea\javafx_font.dll
0x00007ffa1a950000 - 0x00007ffa1abd3000 	C:\Windows\SYSTEM32\dwrite.dll
0x00007ffa2d760000 - 0x00007ffa2d809000 	C:\Windows\System32\clbcatq.dll
0x00007ffa252e0000 - 0x00007ffa25494000 	C:\Windows\SYSTEM32\WindowsCodecs.dll
0x00007ff9fd8a0000 - 0x00007ff9fd8de000 	C:\Windows\system32\dataexchange.dll
0x00007ffa28a80000 - 0x00007ffa28ce4000 	C:\Windows\system32\d3d11.dll
0x00007ffa28cf0000 - 0x00007ffa28ed5000 	C:\Windows\system32\dcomp.dll
0x00007ffa2ad70000 - 0x00007ffa2ae64000 	C:\Windows\system32\dxgi.dll
0x00007ffa25840000 - 0x00007ffa25a41000 	C:\Windows\system32\twinapi.appcore.dll
0x00007ff9f42e0000 - 0x00007ff9f4314000 	C:\Program Files\Common Files\Microsoft Shared\Ink\rtscom.dll
0x00007ffa22ec0000 - 0x00007ffa22fb9000 	C:\Windows\SYSTEM32\textinputframework.dll
0x00007ffa29260000 - 0x00007ffa295be000 	C:\Windows\System32\CoreUIComponents.dll
0x00007ffa295c0000 - 0x00007ffa296b2000 	C:\Windows\System32\CoreMessaging.dll
0x00007ffa2b170000 - 0x00007ffa2b1a3000 	C:\Windows\SYSTEM32\ntmarta.dll
0x00007ffa27db0000 - 0x00007ffa27f04000 	C:\Windows\SYSTEM32\wintypes.dll
0x00007ffa284c0000 - 0x00007ffa28a80000 	C:\Windows\SYSTEM32\d2d1.dll
0x00007ffa247a0000 - 0x00007ffa24e96000 	C:\Windows\SYSTEM32\D3D10Warp.dll

dbghelp: loaded successfully - version: 4.0.5 - missing functions: none
symbol engine: initialized successfully - sym options: 0x614 - pdb path: .;C:\Users\Arsen\.jdks\corretto-17.0.5-1\bin;C:\Windows\SYSTEM32;C:\Windows\WinSxS\amd64_microsoft.windows.common-controls_6595b64144ccf1df_6.0.19041.1110_none_60b5254171f9507e;C:\Users\Arsen\.jdks\corretto-17.0.5-1\bin\server;C:\Program Files\JetBrains\IntelliJ IDEA 2022.1\bin;C:\Users\Arsen\.openjfx\cache\17.0.2-ea;C:\Windows\System32\DriverStore\FileRepository\iigd_dch.inf_amd64_e96a5623ed9fa7ca;C:\Program Files\Common Files\Microsoft Shared\Ink

VM Arguments:
jvm_args: -javaagent:C:\Program Files\JetBrains\IntelliJ IDEA 2022.1\lib\idea_rt.jar=52443:C:\Program Files\JetBrains\IntelliJ IDEA 2022.1\bin -Dfile.encoding=UTF-8 --module-path=C:\Users\Arsen\.m2\repository\org\openjfx\javafx-base\17.0.2\javafx-base-17.0.2-win.jar;C:\Users\Arsen\.m2\repository\org\openjfx\javafx-graphics\17.0.2\javafx-graphics-17.0.2-win.jar;C:\Users\Arsen\IdeaProjects\KPP\KPP1_5\target\classes;C:\Users\Arsen\.m2\repository\org\openjfx\javafx-controls\17.0.2\javafx-controls-17.0.2-win.jar;C:\Users\Arsen\.m2\repository\org\openjfx\javafx-fxml\17.0.2\javafx-fxml-17.0.2-win.jar -Djdk.module.main=com.university 
java_command: com.university/com.university.CollectionsApplication
java_class_path (initial): C:\Users\Arsen\.m2\repository\org\openjfx\javafx-controls\17.0.2\javafx-controls-17.0.2.jar;C:\Users\Arsen\.m2\repository\org\openjfx\javafx-graphics\17.0.2\javafx-graphics-17.0.2.jar;C:\Users\Arsen\.m2\repository\org\openjfx\javafx-base\17.0.2\javafx-base-17.0.2.jar;C:\Users\Arsen\.m2\repository\org\openjfx\javafx-fxml\17.0.2\javafx-fxml-17.0.2.jar
Launcher Type: SUN_STANDARD

[Global flags]
     intx CICompilerCount                          = 4                                         {product} {ergonomic}
     uint ConcGCThreads                            = 2                                         {product} {ergonomic}
     uint G1ConcRefinementThreads                  = 8                                         {product} {ergonomic}
   size_t G1HeapRegionSize                         = 1048576                                   {product} {ergonomic}
    uintx GCDrainStackTargetSize                   = 64                                        {product} {ergonomic}
   size_t InitialHeapSize                          = 134217728                                 {product} {ergonomic}
   size_t MarkStackSize                            = 4194304                                   {product} {ergonomic}
   size_t MaxHeapSize                              = 2124414976                                {product} {ergonomic}
   size_t MaxNewSize                               = 1274019840                                {product} {ergonomic}
   size_t MinHeapDeltaBytes                        = 1048576                                   {product} {ergonomic}
   size_t MinHeapSize                              = 8388608                                   {product} {ergonomic}
    uintx NonNMethodCodeHeapSize                   = 5839372                                {pd product} {ergonomic}
    uintx NonProfiledCodeHeapSize                  = 122909434                              {pd product} {ergonomic}
    uintx ProfiledCodeHeapSize                     = 122909434                              {pd product} {ergonomic}
    uintx ReservedCodeCacheSize                    = 251658240                              {pd product} {ergonomic}
     bool SegmentedCodeCache                       = true                                      {product} {ergonomic}
   size_t SoftMaxHeapSize                          = 2124414976                             {manageable} {ergonomic}
     bool UseCompressedClassPointers               = true                           {product lp64_product} {ergonomic}
     bool UseCompressedOops                        = true                           {product lp64_product} {ergonomic}
     bool UseG1GC                                  = true                                      {product} {ergonomic}
     bool UseLargePagesIndividualAllocation        = false                                  {pd product} {ergonomic}

Logging:
Log output configuration:
 #0: stdout all=warning uptime,level,tags
 #1: stderr all=off uptime,level,tags

Environment Variables:
PATH=C:\Program Files\Common Files\Oracle\Java\javapath;C:\Windows\system32;C:\Windows;C:\Windows\System32\Wbem;C:\Windows\System32\WindowsPowerShell\v1.0\;C:\Windows\System32\OpenSSH\;C:\Program Files\NVIDIA Corporation\NVIDIA NvDLISR;C:\Program Files\Git\cmd;C:\Program Files\dotnet\;C:\Program Files\starship\bin\;C:\ProgramData\chocolatey\bin;;C:\Program Files (x86)\NVIDIA Corporation\PhysX\Common;C:\Users\Arsen\scoop\shims;C:\Users\Arsen\AppData\Local\Microsoft\WindowsApps;;C:\Program Files\JetBrains\PhpStorm 2022.1\bin;;C:\Program Files\JetBrains\IntelliJ IDEA 2022.1\bin;;C:\Program Files\JetBrains\JetBrains Rider 2022.1.1\bin;;C:\Users\Arsen\AppData\Local\Programs\Microsoft VS Code\bin;C:\Program Files\JetBrains\DataGrip 2022.1.2\bin;;C:\Users\Arsen\.dotnet\tools;C:\Program Files\JetBrains\PhpStorm 2022.2.2\bin;
USERNAME=Arsen
OS=Windows_NT
PROCESSOR_IDENTIFIER=Intel64 Family 6 Model 142 Stepping 10, GenuineIntel
TMP=C:\Users\Arsen\AppData\Local\Temp
TEMP=C:\Users\Arsen\AppData\Local\Temp



---------------  S Y S T E M  ---------------

OS:
 Windows 10 , 64 bit Build 19041 (10.0.19041.1348)
OS uptime: 0 days 3:18 hours
Hyper-V role detected

CPU: total 8 (initial active 8) (4 cores per cpu, 2 threads per core) family 6 model 142 stepping 10 microcode 0xb4, cx8, cmov, fxsr, ht, mmx, 3dnowpref, sse, sse2, sse3, ssse3, sse4.1, sse4.2, popcnt, lzcnt, tsc, tscinvbit, avx, avx2, aes, erms, clmul, bmi1, bmi2, adx, fma, vzeroupper, clflush, clflushopt, hv

Memory: 4k page, system-wide physical 8101M (391M free)
TotalPageFile size 10117M (AvailPageFile size 4M)
current process WorkingSet (physical memory assigned to process): 201M, peak: 201M
current process commit charge ("private bytes"): 327M, peak: 330M

vm_info: OpenJDK 64-Bit Server VM (17.0.5+8-LTS) for windows-amd64 JRE (17.0.5+8-LTS), built on Oct 13 2022 05:18:14 by "Administrator" with MS VC++ 15.9 (VS2017)

END.
